\BOOKMARK [1][-]{section.1}{Population Dynamics}{}% 1
\BOOKMARK [2][-]{subsection.1.1}{Matlab model}{section.1}% 2
\BOOKMARK [2][-]{subsection.1.2}{Mean field model}{section.1}% 3
\BOOKMARK [2][-]{subsection.1.3}{Lyapunov exponent}{section.1}% 4
\BOOKMARK [1][-]{section.2}{Groups of friends}{}% 5
\BOOKMARK [2][-]{subsection.2.1}{simulations in Matlab}{section.2}% 6
\BOOKMARK [2][-]{subsection.2.2}{Master Equation}{section.2}% 7
\BOOKMARK [1][-]{section.3}{Network Epidemics}{}% 8
\BOOKMARK [2][-]{subsection.3.1}{random undirected social network}{section.3}% 9
\BOOKMARK [2][-]{subsection.3.2}{Infection within the random network}{section.3}% 10
\BOOKMARK [2][-]{subsection.3.3}{Infection within the random network}{section.3}% 11
\BOOKMARK [2][-]{subsection.3.4}{Master Equation}{section.3}% 12
\BOOKMARK [2][-]{subsection.3.5}{infection with the preferential attachment network}{section.3}% 13
\BOOKMARK [1][-]{section.4}{Flocks and Predators}{}% 14
\BOOKMARK [2][-]{subsection.4.1}{Alignment}{section.4}% 15
\BOOKMARK [2][-]{subsection.4.2}{Add a small force }{section.4}% 16
\BOOKMARK [2][-]{subsection.4.3}{Predator}{section.4}% 17
\BOOKMARK [1][-]{section.5}{Appendix}{}% 18
\BOOKMARK [2][-]{subsection.5.1}{1firing brain code in matlab}{section.5}% 19
\BOOKMARK [2][-]{subsection.5.2}{Spread of memes}{section.5}% 20
